[{"name":"Html-Report.agent-job-name.system-stage-display-name.system-stage-attempt.index.html","type":"report-html","path":"playwright-report/index.html"}]